{
  "RSpec": {
    "coverage": {
      "/home/lucky-subprogram-1873/tic-tac-toe-rb-online-web-sp-000/lib/tic_tac_toe.rb": [
        1,
        null,
        null,
        1,
        null,
        null,
        null,
        1,
        4,
        4,
        4,
        4,
        4,
        null,
        null,
        1,
        6,
        null,
        null,
        1,
        5,
        null,
        null,
        1,
        10,
        null,
        null,
        1,
        6,
        3,
        null,
        3,
        null,
        null,
        null,
        1,
        3,
        3,
        null,
        3,
        2,
        2,
        null,
        1,
        null,
        null,
        null,
        1,
        120,
        null,
        null,
        1,
        11,
        null,
        null,
        1,
        null,
        null,
        null,
        1,
        8,
        8,
        8,
        64,
        4,
        null,
        null,
        8,
        null,
        null,
        1,
        6,
        null,
        null,
        1,
        null,
        null,
        null,
        null,
        null,
        6,
        null,
        null,
        1,
        1,
        null,
        null,
        null,
        1,
        0,
        null
      ]
    },
    "timestamp": 1585148312
  }
}
