{
  "RSpec": {
    "coverage": {
      "/home/lucky-subprogram-1873/tic-tac-toe-rb-online-web-sp-000/lib/tic_tac_toe.rb": [
        1,
        null,
        null,
        1,
        null,
        null,
        null,
        1,
        4,
        4,
        4,
        4,
        4,
        null,
        null,
        1,
        6,
        null,
        null,
        1,
        5,
        null,
        null,
        1,
        10,
        null,
        null,
        1,
        6,
        3,
        null,
        3,
        null,
        null,
        null,
        1,
        3,
        3,
        null,
        3,
        2,
        2,
        null,
        1,
        null,
        null,
        null,
        1,
        170,
        null,
        null,
        1,
        16,
        null,
        null,
        1,
        null,
        null,
        null,
        1,
        12,
        12,
        12,
        96,
        9,
        null,
        null,
        12,
        null,
        null,
        1,
        7,
        null,
        null,
        1,
        8,
        null,
        null,
        1,
        3,
        null,
        null,
        null,
        1,
        1,
        null
      ]
    },
    "timestamp": 1585148466
  }
}
